<?xml version="1.0" encoding="UTF-8"?>
<testsuite name="CategoryTest" tests="7" skipped="0" failures="0" errors="0" timestamp="2015-08-23T04:26:22" hostname="localhost" time="0.003">
  <properties/>
  <testcase name="addTask_addsTaskToList" classname="CategoryTest" time="0.002"/>
  <testcase name="all_returnsTwoCategories" classname="CategoryTest" time="0.0"/>
  <testcase name="clear_removesAllCategoryInstancesFromMemory" classname="CategoryTest" time="0.0"/>
  <testcase name="getTasks_initiallyreturnsEmptyArrayList" classname="CategoryTest" time="0.0"/>
  <testcase name="getID_returnsCategoryID" classname="CategoryTest" time="0.0"/>
  <testcase name="find_returnsCategoryWithSameId" classname="CategoryTest" time="0.0"/>
  <testcase name="getName_returnsName_true" classname="CategoryTest" time="0.0"/>
  <system-out><![CDATA[]]></system-out>
  <system-err><![CDATA[]]></system-err>
</testsuite>
