<?xml version="1.0" encoding="UTF-8"?>
<testsuite name="WordTest" tests="7" skipped="0" failures="0" errors="0" timestamp="2015-08-23T04:26:22" hostname="localhost" time="0.002">
  <properties/>
  <testcase name="getDefinition_initiallyreturnsEmptyArrayList" classname="WordTest" time="0.0"/>
  <testcase name="all_returnsTwoWords" classname="WordTest" time="0.0"/>
  <testcase name="clear_removesAllWordInstancesFromMemory" classname="WordTest" time="0.0"/>
  <testcase name="find_returnsWordWithSameId" classname="WordTest" time="0.0"/>
  <testcase name="getInputWord_returnsName_true" classname="WordTest" time="0.0"/>
  <testcase name="getID_returnsWordID" classname="WordTest" time="0.0"/>
  <testcase name="addDefinition_addsDefinitionToList" classname="WordTest" time="0.001"/>
  <system-out><![CDATA[]]></system-out>
  <system-err><![CDATA[]]></system-err>
</testsuite>
